              	; --------------------------------------
              	; zasm: assemble "VDPHELLO.asm"
              	; date: 2024-08-25 21:50:58
              	; --------------------------------------


              	;
              	;**************************************************************
              	;*
              	;*               V D P   H E L L O   P R O G R A M
              	;*
              	;*    The VDP says hello! Expects VDP to be setup for CP/M
              	;*    console mode.
              	;* 
              	;**************************************************************
              	
00BE:         	nabu_vdp_data	equ	0xBE	; VDP Data Port
00BF:         	nabu_vdp_addr	equ	0xBF	; VDP Address Port
              	
              	
              	; Program start
C000:         		org	0xC000
              		
              		; Print "hello" message
C000: F3      	start:	di
C001: 0669    		ld	b,0x69
C003: D3FF    		out	(0xFF),a
C005: 3C      		inc	a
C006: 04      		inc	b
C007: 0C      		inc	c
C008: 14      		inc	d
C009: 24      		inc	h
C00A: 2C      		inc	l
C00B: 3104B0  		ld	sp,0xB004
              	
              		; Set up write address
C00E: 010048  		ld	bc,0x4800
C011: CD29C0  		call	tms_addr
              		
              		; Write it in!
C014: 2132C0  		ld	hl,tms_hello
C017: 01C003  		ld	bc,24*40
C01A: 7E      	0$:	ld	a,(hl)
C01B: D3BE    		out	(nabu_vdp_data),a
C01D: F5      		push	af
C01E: F1      		pop	af
C01F: 0B      		dec	bc
C020: 23      		inc	hl
C021: 78      		ld	a,b
C022: B1      		or	c
C023: C21AC0  		jp	nz,0$
C026: C326C0  	1$:	jp	1$
              	
              	
              	
              	
C029:         	tms_addr:
C029: DBBF    		in	a,(nabu_vdp_addr)
C02B: 79      		ld	a,c
C02C: D3BF    		out	(nabu_vdp_addr),a
C02E: 78      		ld	a,b
C02F: D3BF    		out	(nabu_vdp_addr),a
C031: C9      		ret
              		
              	
              	; Hello message	
C032:         	tms_hello:
C032: 48454C4C		defb	'H','E','L','L','O','!',0x20,0x20,0x20,0x20,0x20,0x20,0x20,0x20,0x20,0x20,0x20,0x20,0x20,0x20,0x20,0x20,0x20,0x20,0x20,0x20,0x20,0x20,0x20,0x20,0x20,0x20,0x20,0x20,0x20,0x20,0x20,0x20,0x20,0x20
C036: 4F212020	
C03A: 20202020	
C03E: 20...   	
C05A: 20202020		defb	0x20,0x20,0x20,0x20,0x20,0x20,0x20,0x20,0x20,0x20,0x20,0x20,0x20,0x20,0x20,0x20,0x20,0x20,0x20,0x20,0x20,0x20,0x20,0x20,0x20,0x20,0x20,0x20,0x20,0x20,0x20,0x20,0x20,0x20,0x20,0x20,0x20,0x20,0x20,0x20
C05E: 20...   	
C082: 20202020		defb	0x20,0x20,0x20,0x20,0x20,0x20,0x20,0x20,0x20,0x20,0x20,0x20,0x20,0x20,0x20,0x20,0x20,0x20,0x20,0x20,0x20,0x20,0x20,0x20,0x20,0x20,0x20,0x20,0x20,0x20,0x20,0x20,0x20,0x20,0x20,0x20,0x20,0x20,0x20,0x20
C086: 20...   	
C0AA: 20202020		defb	0x20,0x20,0x20,0x20,0x20,0x20,0x20,0x20,0x20,0x20,0x20,0x20,0x20,0x20,0x20,0x20,0x20,0x20,0x20,0x20,0x20,0x20,0x20,0x20,0x20,0x20,0x20,0x20,0x20,0x20,0x20,0x20,0x20,0x20,0x20,0x20,0x20,0x20,0x20,0x20
C0AE: 20...   	
C0D2: 20202020		defb	0x20,0x20,0x20,0x20,0x20,0x20,0x20,0x20,0x20,0x20,0x20,0x20,0x20,0x20,0x20,0x20,0x20,0x20,0x20,0x20,0x20,0x20,0x20,0x20,0x20,0x20,0x20,0x20,0x20,0x20,0x20,0x20,0x20,0x20,0x20,0x20,0x20,0x20,0x20,0x20
C0D6: 20...   	
C0FA: 20202020		defb	0x20,0x20,0x20,0x20,0x20,0x20,0x20,0x20,0x20,0x20,0x20,0x20,0x20,0x20,0x20,0x20,0x20,0x20,0x20,0x20,0x20,0x20,0x20,0x20,0x20,0x20,0x20,0x20,0x20,0x20,0x20,0x20,0x20,0x20,0x20,0x20,0x20,0x20,0x20,0x20
C0FE: 20...   	
C122: 20202020		defb	0x20,0x20,0x20,0x20,0x20,0x20,0x20,0x20,0x20,0x20,0x20,0x20,0x20,0x20,0x20,0x20,0x20,0x20,0x20,0x20,0x20,0x20,0x20,0x20,0x20,0x20,0x20,0x20,0x20,0x20,0x20,0x20,0x20,0x20,0x20,0x20,0x20,0x20,0x20,0x20
C126: 20...   	
C14A: 20202020		defb	0x20,0x20,0x20,0x20,0x20,0x20,0x20,0x20,0x20,0x20,0x20,0x20,0x20,0x20,0x20,0x20,0x20,0x20,0x20,0x20,0x20,0x20,0x20,0x20,0x20,0x20,0x20,0x20,0x20,0x20,0x20,0x20,0x20,0x20,0x20,0x20,0x20,0x20,0x20,0x20
C14E: 20...   	
C172: 20202020		defb	0x20,0x20,0x20,0x20,0x20,0x20,0x20,0x20,0x20,0x20,0x20,0x20,0x20,0x20,0x20,0x20,0x20,0x20,0x20,0x20,0x20,0x20,0x20,0x20,0x20,0x20,0x20,0x20,0x20,0x20,0x20,0x20,0x20,0x20,0x20,0x20,0x20,0x20,0x20,0x20
C176: 20...   	
C19A: 20202020		defb	0x20,0x20,0x20,0x20,0x20,0x20,0x20,0x20,0x20,0x20,0x20,0x20,0x20,0x20,0x20,0x20,0x20,0x20,0x20,0x20,0x20,0x20,0x20,0x20,0x20,0x20,0x20,0x20,0x20,0x20,0x20,0x20,0x20,0x20,0x20,0x20,0x20,0x20,0x20,0x20
C19E: 20...   	
C1C2: 20202020		defb	0x20,0x20,0x20,0x20,0x20,0x20,0x20,0x20,0x20,0x20,0x20,0x20,0x20,0x20,0x20,0x20,0x20,0x20,0x20,0x20,0x20,0x20,0x20,0x20,0x20,0x20,0x20,0x20,0x20,0x20,0x20,0x20,0x20,0x20,0x20,0x20,0x20,0x20,0x20,0x20
C1C6: 20...   	
C1EA: 20202020		defb	0x20,0x20,0x20,0x20,0x20,0x20,0x20,0x20,0x20,0x20,0x20,0x20,0x20,0x20,0x20,0x20,0x20,0x20,0x20,0x20,0x20,0x20,0x20,0x20,0x20,0x20,0x20,0x20,0x20,0x20,0x20,0x20,0x20,0x20,0x20,0x20,0x20,0x20,0x20,0x20
C1EE: 20...   	
C212: 20202020		defb	0x20,0x20,0x20,0x20,0x20,0x20,0x20,0x20,0x20,0x20,0x20,0x20,0x20,0x20,0x20,0x20,0x20,0x20,0x20,0x20,0x20,0x20,0x20,0x20,0x20,0x20,0x20,0x20,0x20,0x20,0x20,0x20,0x20,0x20,0x20,0x20,0x20,0x20,0x20,0x20
C216: 20...   	
C23A: 20202020		defb	0x20,0x20,0x20,0x20,0x20,0x20,0x20,0x20,0x20,0x20,0x20,0x20,0x20,0x20,0x20,0x20,0x20,0x20,0x20,0x20,0x20,0x20,0x20,0x20,0x20,0x20,0x20,0x20,0x20,0x20,0x20,0x20,0x20,0x20,0x20,0x20,0x20,0x20,0x20,0x20
C23E: 20...   	
C262: 20202020		defb	0x20,0x20,0x20,0x20,0x20,0x20,0x20,0x20,0x20,0x20,0x20,0x20,0x20,0x20,0x20,0x20,0x20,0x20,0x20,0x20,0x20,0x20,0x20,0x20,0x20,0x20,0x20,0x20,0x20,0x20,0x20,0x20,0x20,0x20,0x20,0x20,0x20,0x20,0x20,0x20
C266: 20...   	
C28A: 20202020		defb	0x20,0x20,0x20,0x20,0x20,0x20,0x20,0x20,0x20,0x20,0x20,0x20,0x20,0x20,0x20,0x20,0x20,0x20,0x20,0x20,0x20,0x20,0x20,0x20,0x20,0x20,0x20,0x20,0x20,0x20,0x20,0x20,0x20,0x20,0x20,0x20,0x20,0x20,0x20,0x20
C28E: 20...   	
C2B2: 20202020		defb	0x20,0x20,0x20,0x20,0x20,0x20,0x20,0x20,0x20,0x20,0x20,0x20,0x20,0x20,0x20,0x20,0x20,0x20,0x20,0x20,0x20,0x20,0x20,0x20,0x20,0x20,0x20,0x20,0x20,0x20,0x20,0x20,0x20,0x20,0x20,0x20,0x20,0x20,0x20,0x20
C2B6: 20...   	
C2DA: 20202020		defb	0x20,0x20,0x20,0x20,0x20,0x20,0x20,0x20,0x20,0x20,0x20,0x20,0x20,0x20,0x20,0x20,0x20,0x20,0x20,0x20,0x20,0x20,0x20,0x20,0x20,0x20,0x20,0x20,0x20,0x20,0x20,0x20,0x20,0x20,0x20,0x20,0x20,0x20,0x20,0x20
C2DE: 20...   	
C302: 20202020		defb	0x20,0x20,0x20,0x20,0x20,0x20,0x20,0x20,0x20,0x20,0x20,0x20,0x20,0x20,0x20,0x20,0x20,0x20,0x20,0x20,0x20,0x20,0x20,0x20,0x20,0x20,0x20,0x20,0x20,0x20,0x20,0x20,0x20,0x20,0x20,0x20,0x20,0x20,0x20,0x20
C306: 20...   	
C32A: 20202020		defb	0x20,0x20,0x20,0x20,0x20,0x20,0x20,0x20,0x20,0x20,0x20,0x20,0x20,0x20,0x20,0x20,0x20,0x20,0x20,0x20,0x20,0x20,0x20,0x20,0x20,0x20,0x20,0x20,0x20,0x20,0x20,0x20,0x20,0x20,0x20,0x20,0x20,0x20,0x20,0x20
C32E: 20...   	
C352: 20202020		defb	0x20,0x20,0x20,0x20,0x20,0x20,0x20,0x20,0x20,0x20,0x20,0x20,0x20,0x20,0x20,0x20,0x20,0x20,0x20,0x20,0x20,0x20,0x20,0x20,0x20,0x20,0x20,0x20,0x20,0x20,0x20,0x20,0x20,0x20,0x20,0x20,0x20,0x20,0x20,0x20
C356: 20...   	
C37A: 20202020		defb	0x20,0x20,0x20,0x20,0x20,0x20,0x20,0x20,0x20,0x20,0x20,0x20,0x20,0x20,0x20,0x20,0x20,0x20,0x20,0x20,0x20,0x20,0x20,0x20,0x20,0x20,0x20,0x20,0x20,0x20,0x20,0x20,0x20,0x20,0x20,0x20,0x20,0x20,0x20,0x20
C37E: 20...   	
C3A2: 20202020		defb	0x20,0x20,0x20,0x20,0x20,0x20,0x20,0x20,0x20,0x20,0x20,0x20,0x20,0x20,0x20,0x20,0x20,0x20,0x20,0x20,0x20,0x20,0x20,0x20,0x20,0x20,0x20,0x20,0x20,0x20,0x20,0x20,0x20,0x20,0x20,0x20,0x20,0x20,0x20,0x20
C3A6: 20...   	
C3CA: 20202020		defb	0x20,0x20,0x20,0x20,0x20,0x20,0x20,0x20,0x20,0x20,0x20,0x20,0x20,0x20,0x20,0x20,0x20,0x20,0x20,0x20,0x20,0x20,0x20,0x20,0x20,0x20,0x20,0x20,0x20,0x20,0x20,0x20,0x20,0x20,0x20,0x20,0x20,0x20,':','3'
C3CE: 20202020	
C3D2: 20202020	
C3D6: 20202020	
C3DA: 20202020	
C3DE: 20202020	
C3E2: 20202020	
C3E6: 20202020	
C3EA: 20202020	
C3EE: 20203A33	


; +++ segments +++

#CODE          = $C000 = 49152,  size = $03F2 =  1010

; +++ global symbols +++

_end          = $C3F2 = 50162          VDPHELLO.asm:16 (unused)
_size         = $03F2 =  1010          VDPHELLO.asm:16 (unused)
nabu_vdp_addr = $00BF =   191          VDPHELLO.asm:12
nabu_vdp_data = $00BE =   190          VDPHELLO.asm:11
start         = $C000 = 49152          VDPHELLO.asm:19 (unused)
tms_addr      = $C029 = 49193          VDPHELLO.asm:51
tms_hello     = $C032 = 49202          VDPHELLO.asm:61


total time: 0.0015 sec.
no errors
