              	; --------------------------------------
              	; zasm: assemble "ZMMBAS.asm"
              	; date: 2024-08-25 20:57:54
              	; --------------------------------------


              	;
              	;**************************************************************
              	;*
              	;*      Z M M   B A S I C   F U N C T I O N   T E S T
              	;*
              	;*      Tests memory and basic functionality of the ZMM
              	;*      (Z80 MegaMapper). Segmentation as well as I/O
              	;*      traps.
              	;* 
              	;**************************************************************
              		
              	; Equates
0005:         	bdos	equ	0x0005
              	
0000:         	b_exit	equ	0x00
0001:         	b_coin	equ	0x01
0002:         	b_cout	equ	0x02
0009:         	b_print	equ	0x09
              	
0030:         	zm_bnk0	equ	0x30
0031:         	zm_bnk1	equ	0x31
0032:         	zm_bnk2	equ	0x32
0033:         	zm_bnk3	equ	0x33
0034:         	zm_ctrl	equ	0x34
0030:         	zm_isr	equ	0x30
0032:         	zm_a_hi	equ	0x32
0033:         	zm_a_lo	equ	0x33
0037:         	zm_trap	equ	0x37 
8000:         	zm_map	equ	0x8000
C000:         	zm_top	equ	0xC000
              	
0070:         	zm_sset	equ	0b01110000
007F:         	zm_sres	equ	0b01111111
              	
0066:         	nmi_adr	equ	0X0066
0067:         	nmi_vec	equ	nmi_adr+1
              	
0000:         	nb_nctl	equ	0x00		; Control Register
0040:         	nb_ayda	equ	0x40		; AY-3-8910 data port
0041:         	nb_atla	equ	0x41		; AY-3-8910 latch port
              	
              	; Program start
0100:         		org	0x0100
              		
              		; Print "hello" splash
0100: F3      	start:	di
0101: 310040  		ld	sp,0x4000
0104: 0E09    		ld	c,b_print
0106: 11C503  		ld	de,splash
0109: CD0500  		call	bdos
              		
              		; Test #0
010C: 0E09    	test0:	ld	c,b_print
010E: 110F04  		ld	de,s_test0
0111: CD0500  		call	bdos
              		
              		; Set up passthru table for virtual mode
0114: 3E01    		ld	a,0b00000001
0116: D334    		out	(zm_ctrl),a
0118: 210080  		ld	hl,zm_map
011B: 75      	0$:	ld	(hl),l
011C: 2C      		inc	l
011D: C21B01  		jp	nz,0$
0120: 3E03    		ld	a,0b00000011
0122: D334    		out	(zm_ctrl),a
0124: 210080  		ld	hl,zm_map
0127: 75      	1$:	ld	(hl),l
0128: 2C      		inc	l
0129: C22701  		jp	nz,1$
              		
              		; Disable virtual mode
012C: 3E00    		ld	a,0b00000000
012E: D334    		out	(zm_ctrl),a
0130: 0E09    		ld	c,b_print
0132: 11FE03  		ld	de,s_pass
0135: CD0500  		call	bdos
              		
              		; Test #1
0138: 0E09    	test1:	ld	c,b_print
013A: 112D04  		ld	de,s_test1
013D: CD0500  		call	bdos
              		
              		; Zero out top 16K of memory
0140: 3E01    		ld	a,0b00000001
0142: D334    		out	(zm_ctrl),a
0144: 2100C0  		ld	hl,zm_top
0147: 1101C0  		ld	de,zm_top+1 
014A: 01FF3F  		ld	bc,0x4000-1
014D: AF      		xor	a
014E: 77      		ld	(hl),a
014F: EDB0    		ldir
              		
              		; Disable virtual mode
0151: 3E00    		ld	a,0b00000000
0153: D334    		out	(zm_ctrl),a
0155: 0E09    		ld	c,b_print
0157: 11FE03  		ld	de,s_pass
015A: CD0500  		call	bdos
              		
              		; Test #2
015D: 0E09    	test2:	ld	c,b_print
015F: 114B04  		ld	de,s_test2
0162: CD0500  		call	bdos
              		
              		; Enable virtual mode
0165: 3E01    		ld	a,0b00000001
0167: D334    		out	(zm_ctrl),a
              		
              		; Write tags to all pages
0169: 0600    		ld	b,0
016B: 78      	0$:	ld	a,b
016C: D333    		out	(zm_bnk3),a
016E: 3200C0  		ld	(zm_top),a
0171: ED44    		neg
0173: 3201C0  		ld	(zm_top+1),a
0176: 04      		inc	b
0177: C26B01  		jp	nz,0$
              		
              		; Mark any banks that record correctly
017A: 0600    		ld	b,0
017C: 21E504  		ld	hl,bankmap
017F: AF      	1$:	xor	a
0180: 77      		ld	(hl),a
0181: 78      		ld	a,b
0182: D333    		out	(zm_bnk3),a
0184: 3A00C0  		ld	a,(zm_top)
0187: B8      		cp	b
0188: C29901  		jp	nz,2$
018B: 3A01C0  		ld	a,(zm_top+1)
018E: 4F      		ld	c,a
018F: 78      		ld	a,b
0190: ED44    		neg
0192: B9      		cp	c
0193: C29901  		jp	nz,2$
              		
              		; Mark it
0196: 3EFF    		ld	a,0xFF
0198: 77      		ld	(hl),a
              		
              		; Next
0199: 23      	2$:	inc	hl
019A: 04      		inc	b
019B: C27F01  		jp	nz,1$
              		
              		; Disable virtual mode
019E: 3E00    		ld	a,0b00000000
01A0: D334    		out	(zm_ctrl),a
              		
              		; Now try to print everything out
01A2: 21E504  		ld	hl,bankmap
01A5: 0620    		ld	b,32
01A7: 0E08    		ld	c,8
              		
              		; Get bankmap value and set register E
01A9: 1E2E    	3$:	ld	e,'.'
01AB: 7E      		ld	a,(hl)
01AC: B7      		or	a
01AD: CAB201  		jp	z,4$
01B0: 1E58    		ld	e,'X'
              	
              		; Print character
01B2: C5      	4$:	push	bc
01B3: E5      		push	hl
01B4: 0E02    		ld	c,b_cout
01B6: CD0500  		call	bdos
01B9: E1      		pop	hl
01BA: C1      		pop	bc
              		
              		; Do another?
01BB: 23      		inc	hl
01BC: 10EB    		djnz	3$
              	
              		; Print CRLF
01BE: C5      		push	bc
01BF: E5      		push	hl
01C0: 0E09    		ld	c,b_print
01C2: 116A04  		ld	de,s_crlf
01C5: CD0500  		call	bdos
01C8: E1      		pop	hl
01C9: C1      		pop	bc
              		
              		; New line maybe
01CA: 0620    		ld	b,32
01CC: 0D      		dec	c
01CD: C2A901  		jp	nz,3$
              		
              		; Pass
01D0: 0E09    		ld	c,b_print
01D2: 11FE03  		ld	de,s_pass
01D5: CD0500  		call	bdos
              		
              		; Test #3
01D8: 0E09    	test3:	ld	c,b_print
01DA: 116D04  		ld	de,s_test3
01DD: CD0500  		call	bdos
              		
              		; Start checking bank map for 2 valid banks
01E0: 0600    		ld	b,0
01E2: 21E504  		ld	hl,bankmap
              		
01E5: 7E      	0$:	ld	a,(hl)
01E6: B7      		or	a
01E7: C2F201  		jp	nz,1$
01EA: 23      		inc	hl
01EB: 04      		inc	b
01EC: C2E501  		jp	nz,0$
              		
              		; Fail!
01EF: C32C03  		jp	fail
              	
              		; Save to text bank
01F2: 78      	1$:	ld	a,b
01F3: 32E304  		ld	(textbank),a
01F6: C3FE01  		jp	3$
              		
01F9: 7E      	2$:	ld	a,(hl)
01FA: B7      		or	a
01FB: C20602  		jp	nz,4$
01FE: 23      	3$:	inc	hl
01FF: 04      		inc	b
0200: C2F901  		jp	nz,2$
              		
              		; Fail!
0203: C32C03  		jp	fail
              	
              		; Pass
0206: 78      	4$:	ld	a,b
0207: 32E404  		ld	(databank),a
020A: 0E09    		ld	c,b_print
020C: 11FE03  		ld	de,s_pass
020F: CD0500  		call	bdos
              		
              		; Test #4
0212: 0E09    	test4:	ld	c,b_print
0214: 118804  		ld	de,s_test4
0217: CD0500  		call	bdos
              		
              		; Set bank 3 to textbank
021A: 3AE304  		ld	a,(textbank)
021D: D333    		out	(zm_bnk3),a
              		
              		; Install NMI handler
021F: 3EC3    		ld	a,0xC3
0221: 326600  		ld	(nmi_adr),a
              		
              		; Enable virtual mode
0224: 3E01    		ld	a,0b00000001
0226: D334    		out	(zm_ctrl),a
              		
              		; Copy snippet to virtual memory
0228: 217D03  		ld	hl,snip0
022B: 1100C0  		ld	de,zm_top
022E: 014800  		ld	bc,snip0_end-snip0
0231: EDB0    		ldir
              		
              		; Just incase of a hardware failure
0233: 212C03  		ld	hl,fail
0236: E5      		push 	hl
              		
              		; Punch in entry address
0237: 1100C0  		ld	de,zm_top
023A: CD6703  		call	trapset
              		
              		; Place vector
023D: 214D02  		ld	hl,1$
0240: 0600    		ld	b,0
0242: 226700  		ld	(nmi_vec),hl
              		
              		; Kick off RETN to reset trap mode
0245: D337    		out	(zm_trap),a
0247: 00      		nop
0248: ED45    		retn
024A: C32C03  		jp	fail
              	
              		; We should end up here
024D: 3E00    	1$:	ld	a,0b00000000
024F: D334    		out	(zm_ctrl),a
              	
              		; Check register B
0251: 78      		ld	a,b
0252: CD3B03  		call	tohex
0255: ED530504		ld	(s_nfail),de
0259: 05      		dec	b
025A: 05      		dec	b
025B: C22C03  		jp	nz,fail
              	
              		; Pass
025E: 0E09    		ld	c,b_print
0260: 11FE03  		ld	de,s_pass
0263: CD0500  		call	bdos
              		
              		; Test #5
0266: 0E09    	test5:	ld	c,b_print
0268: 11A404  		ld	de,s_test5
026B: CD0500  		call	bdos
              		
              		; Set bank 0,1,2 to databank
026E: 3AE404  		ld	a,(databank)
0271: D330    		out	(zm_bnk0),a
0273: D331    		out	(zm_bnk1),a
0275: D332    		out	(zm_bnk2),a
              		
              		; Enable virtual mode
0277: 3E01    		ld	a,0b00000001
0279: D334    		out	(zm_ctrl),a
              		
              		; Punch in entry address
027B: 1102C0  		ld	de,zm_top+2
027E: CD6703  		call	trapset
              		
              		; Place vector
0281: 219102  		ld	hl,1$
0284: 0600    		ld	b,0
0286: 226700  		ld	(nmi_vec),hl
              		
              		; Kick off RETN to reset trap mode
0289: D337    		out	(zm_trap),a
028B: 00      		nop
028C: ED45    		retn
028E: C32C03  		jp	fail
              	
              		; We should end up here
0291: 3E00    	1$:	ld	a,0b00000000
0293: D334    		out	(zm_ctrl),a
              		
              		; Pass
0295: 0E09    		ld	c,b_print
0297: 11FE03  		ld	de,s_pass
029A: CD0500  		call	bdos
              		
              		; Test #6
029D: 0E09    	test6:	ld	c,b_print
029F: 11C304  		ld	de,s_test6
02A2: CD0500  		call	bdos
              		
              		; Enable virtual mode
02A5: 3E01    		ld	a,0b00000001
02A7: D334    		out	(zm_ctrl),a
              		
              		; Remap 0x19 of OUT to zm_trap
02A9: 3E37    		ld	a,zm_trap
02AB: 321980  		ld	(zm_map+0x19),a
              		
              		; Punch in entry address
02AE: 1104C0  		ld	de,zm_top+4
02B1: CD6703  		call	trapset
              		
              		; Place vector
02B4: 21C402  		ld	hl,1$
02B7: 0600    		ld	b,0
02B9: 226700  		ld	(nmi_vec),hl
              		
              		; Kick off RETN to reset trap mode
02BC: D337    		out	(zm_trap),a
02BE: 00      		nop
02BF: ED45    		retn
02C1: C32C03  		jp	fail
              		
              		; We should end up here
02C4: 3E00    	1$:	ld	a,0b00000000
02C6: D334    		out	(zm_ctrl),a
              		
              		; Check return address
02C8: 210000  		ld	hl,0
02CB: 39      		add	hl,sp
02CC: 7C      		ld	a,h
02CD: F670    		or	zm_sset
02CF: E67F    		and	zm_sres
02D1: 67      		ld	h,a
02D2: 7E      		ld	a,(hl)
02D3: CD3B03  		call	tohex
02D6: ED530504		ld	(s_nfail),de
02DA: C32C03  		jp	fail
              		
              		; Check I/O address
02DD: DB33    		in	a,(zm_a_lo)
02DF: 47      		ld	b,a
02E0: CD3B03  		call	tohex
02E3: ED530504		ld	(s_nfail),de
02E7: 3E19    		ld	a,0x19
02E9: B8      		cp	b
02EA: C22C03  		jp	nz,fail
              		
02ED: DB32    		in	a,(zm_a_hi)
02EF: 47      		ld	b,a
02F0: CD3B03  		call	tohex
02F3: ED530504		ld	(s_nfail),de
02F7: 3E69    		ld	a,0x69
02F9: B8      		cp	b
02FA: C22C03  		jp	nz,fail
              		
              		; Check instruction
02FD: DB30    		in	a,(zm_isr)
02FF: 47      		ld	b,a
0300: CD3B03  		call	tohex
0303: ED530504		ld	(s_nfail),de
0307: 3EBD    		ld	a,0xBD
0309: B8      		cp	b
030A: C22C03  		jp	nz,fail
              		
              		; Reset I/O violation latch
030D: D337    		out	(zm_trap),a
030F: DB30    		in	a,(zm_isr)
0311: 47      		ld	b,a
0312: CD3B03  		call	tohex
0315: ED530504		ld	(s_nfail),de
0319: 3E3D    		ld	a,0x3D
031B: B8      		cp	b
031C: C22C03  		jp	nz,fail
              		
              		; Pass
031F: 0E09    		ld	c,b_print
0321: 11FE03  		ld	de,s_pass
0324: CD0500  		call	bdos
              		
              	; Done
0327: 0E00    	exit:	ld	c,b_exit
0329: CD0500  		call	bdos
              		
              	; Fail!
032C: 3E00    	fail:	ld	a,0b00000000
032E: D334    		out	(zm_ctrl),a
0330: 0E09    		ld	c,b_print
0332: 110504  		ld	de,s_nfail
0335: CD0500  		call	bdos
0338: C32703  		jp	exit
              		
              	; Converts the value into an 8 bit hex number
              	; A = Number to convert
              	;
              	; Returns DE = result
              	; uses: AF, DE
033B: 57      	tohex:	ld	d,a
033C: CD4603  		call	0$
033F: 5F      		ld	e,a
0340: 7A      		ld	a,d
0341: CD4A03  		call	1$
0344: 57      		ld	d,a
0345: C9      		ret
              		
0346: 1F      	0$:	rra
0347: 1F      		rra
0348: 1F      		rra
0349: 1F      		rra
034A: F6F0    	1$:	or	0xF0
034C: 27      		daa
034D: C6A0    		add	a,0xA0
034F: CE40    		adc	a,0x40
0351: C9      		ret
              		
              	; Turns off all maskable interrupts to stop traps from occuring
              	;
              	; uses: AF
0352: 3E07    	intoff:	ld	a,0x07
0354: D341    		out	(nb_atla),a	; AY register = 7
0356: DB40    		in	a,(nb_ayda)
0358: E63F    		and	0x3F
035A: F640    		or	0x40
035C: D340    		out	(nb_ayda),a	; Configure AY port I/O
              		
035E: 3E0E    		ld	a,0x0E
0360: D341    		out	(nb_atla),a	; AY register = 14
0362: 3E00    		ld	a,0x00
0364: D340    		out	(nb_ayda),a	; All interrupts disabled
              		
0366: C9      		ret
              		
              	; Sets the trap return address
              	; DE = return address
              	;
              	; uses: AF, HL
0367: 210000  	trapset:ld	hl,0
036A: 39      		add	hl,sp
036B: 23      		inc	hl
036C: 23      		inc	hl
036D: 3E7F    		ld	a,zm_sres
036F: A4      		and	h
0370: F670    		or	zm_sset
0372: 67      		ld	h,a
0373: 73      		ld	(hl),e
0374: 23      		inc	hl
0375: 3E7F    		ld	a,zm_sres
0377: A4      		and	h
0378: F670    		or	zm_sset
037A: 67      		ld	h,a
037B: 72      		ld	(hl),d
037C: C9      		ret
              		
              	; Snippets
037D:         	snip0:
              	
              		; Jump table
037D: 1804    		jr	snip0_a
037F: 1829    		jr	snip0_b
0381: 1838    		jr	snip0_c
              	
              		; Play with register B, and then trap out
0383: 00      	snip0_a:nop
0384: 0601    		ld	b,1
0386: 00      		nop
0387: 0602    		ld	b,2
0389: DB37    		in	a,(zm_trap)
038B: 0603    		ld	b,3
              	
              		; Blink light
038D: 3E11    	blinken:ld	a,0x11
038F: D300    		out	(nb_nctl),a
              		
0391: 010000  		ld	bc,0
0394: E5      	1$:	push	hl
0395: E1      		pop	hl
0396: 10FC    		djnz	1$
0398: 0D      		dec	c
0399: 20F9    		jr	nz,1$
              		
039B: 3E01    		ld	a,0x01
039D: D300    		out	(nb_nctl),a
              		
039F: 00      	2$:	nop
03A0: 00      		nop
03A1: 00      		nop
03A2: 00      		nop
03A3: 10FA    		djnz	2$
03A5: 0D      		dec	c
03A6: 20F7    		jr	nz,2$
03A8: 18E3    		jr	blinken
              		
              		; Overwrite the first 48KB of memory, and then trap
03AA: 210000  	snip0_b:ld	hl,0
03AD: 110100  		ld	de,1
03B0: 01FFBF  		ld	bc,0x0C000-1
03B3: 3600    		ld	(hl),0
03B5: EDB0    		ldir
              		
03B7: D337    		out	(zm_trap),a
03B9: 18D2    		jr	blinken
              	
03BB: 0669    	snip0_c:ld	b,0x69
03BD: 0E19    		ld	c,0x19
03BF: 3EF1    		ld	a,0xF1
03C1: ED79    		out	(c),a
              		
03C3: 18FE    	0$:	jr	0$
              	
03C5:         	snip0_end:
              		
              	
              	; Strings
03C5:         	splash:
03C5: 5A4D4D20		defb	'ZMM Basic Functionality Test',0x0A,0x0D
03C9: 42617369	
03CD: 63204675	
03D1: 6E637469	
03D5: 6F6E616C	
03D9: 69747920	
03DD: 54657374	
03E1: 0A0D    	
03E3: 52657620		defb	'Rev 1a, tergav17 (Gavin)',0x0A,0x0D,'$' 
03E7: 31612C20	
03EB: 74657267	
03EF: 61763137	
03F3: 20284761	
03F7: 76696E29	
03FB: 0A0D24  	
              		
03FE:         	s_pass:
03FE: 50415353		defb	'PASS',0x0A,0x0D,'$'
0402: 0A0D24  	
              		
0405:         	s_nfail
0405: 585820  		defb	'XX '
              		
0408:         	s_fail:
0408: 4641494C		defb	'FAIL',0x0A,0x0D,'$'
040C: 0A0D24  	
              		
040F:         	s_test0:
040F: 54455354		defb	'TEST 0: Check mapping basic: $'
0413: 20303A20	
0417: 43686563	
041B: 6B206D61	
041F: 7070696E	
0423: 67206261	
0427: 7369633A	
042B: 2024    	
              		
042D:         	s_test1:
042D: 54455354		defb	'TEST 1: Check upper overlay: $'
0431: 20313A20	
0435: 43686563	
0439: 6B207570	
043D: 70657220	
0441: 6F766572	
0445: 6C61793A	
0449: 2024    	
              		
044B:         	s_test2:
044B: 54455354		defb	'TEST 2: Check memory banking...'
044F: 20323A20	
0453: 43686563	
0457: 6B206D65	
045B: 6D6F7279	
045F: 2062616E	
0463: 6B696E67	
0467: 2E2E2E  	
              		
046A:         	s_crlf:	
046A: 0A0D24  		defb	0x0A,0x0D,'$'
              		
046D:         	s_test3:
046D: 54455354		defb	'TEST 3: Check bank map... $'
0471: 20333A20	
0475: 43686563	
0479: 6B206261	
047D: 6E6B206D	
0481: 61702E2E	
0485: 2E2024  	
              		
0488:         	s_test4:
0488: 54455354		defb	'TEST 4: Trap engagement... $'
048C: 20343A20	
0490: 54726170	
0494: 20656E67	
0498: 6167656D	
049C: 656E742E	
04A0: 2E2E2024	
              		
04A4:         	s_test5:
04A4: 54455354		defb	'TEST 5: Check full overlay... $'
04A8: 20353A20	
04AC: 43686563	
04B0: 6B206675	
04B4: 6C6C206F	
04B8: 7665726C	
04BC: 61792E2E	
04C0: 2E2024  	
              		
04C3:         	s_test6:
04C3: 54455354		defb	'TEST 6: Trap state recovery... $'
04C7: 20363A20	
04CB: 54726170	
04CF: 20737461	
04D3: 74652072	
04D7: 65636F76	
04DB: 6572792E	
04DF: 2E2E2024	
              		
              	; Variables
04E3:         	textbank:
04E3: 00      		defb	0
              		
04E4:         	databank:
04E4: 00      		defb	0
              		
              	; Heap
04E5:         	heap:
              	
              	; Area to keep track of allocated banks
04E5:         	bankmap	equ	heap	; 256 bytes


; +++ segments +++

#CODE          = $0100 =   256,  size = $03E5 =   997

; +++ global symbols +++

_end      = $04E5 =  1253          ZMMBAS.asm:43 (unused)
_size     = $03E5 =   997          ZMMBAS.asm:43 (unused)
b_coin    = $0001 =     1          ZMMBAS.asm:16 (unused)
b_cout    = $0002 =     2          ZMMBAS.asm:17
b_exit    = $0000 =     0          ZMMBAS.asm:15
b_print   = $0009 =     9          ZMMBAS.asm:18
bankmap   = $04E5 =  1253          ZMMBAS.asm:597
bdos      = $0005 =     5          ZMMBAS.asm:13
blinken   = $038D =   909          ZMMBAS.asm:506
databank  = $04E4 =  1252          ZMMBAS.asm:590
exit      = $0327 =   807          ZMMBAS.asm:417
fail      = $032C =   812          ZMMBAS.asm:421
heap      = $04E5 =  1253          ZMMBAS.asm:594
intoff    = $0352 =   850          ZMMBAS.asm:454 (unused)
nb_atla   = $0041 =    65          ZMMBAS.asm:40
nb_ayda   = $0040 =    64          ZMMBAS.asm:39
nb_nctl   = $0000 =     0          ZMMBAS.asm:38
nmi_adr   = $0066 =   102          ZMMBAS.asm:35
nmi_vec   = $0067 =   103          ZMMBAS.asm:36
s_crlf    = $046A =  1130          ZMMBAS.asm:571
s_fail    = $0408 =  1032          ZMMBAS.asm:559 (unused)
s_nfail   = $0405 =  1029          ZMMBAS.asm:556
s_pass    = $03FE =  1022          ZMMBAS.asm:553
s_test0   = $040F =  1039          ZMMBAS.asm:562
s_test1   = $042D =  1069          ZMMBAS.asm:565
s_test2   = $044B =  1099          ZMMBAS.asm:568
s_test3   = $046D =  1133          ZMMBAS.asm:574
s_test4   = $0488 =  1160          ZMMBAS.asm:577
s_test5   = $04A4 =  1188          ZMMBAS.asm:580
s_test6   = $04C3 =  1219          ZMMBAS.asm:583
snip0     = $037D =   893          ZMMBAS.asm:490
snip0_a   = $0383 =   899          ZMMBAS.asm:498
snip0_b   = $03AA =   938          ZMMBAS.asm:529
snip0_c   = $03BB =   955          ZMMBAS.asm:538
snip0_end = $03C5 =   965          ZMMBAS.asm:545
splash    = $03C5 =   965          ZMMBAS.asm:549
start     = $0100 =   256          ZMMBAS.asm:46 (unused)
test0     = $010C =   268          ZMMBAS.asm:53 (unused)
test1     = $0138 =   312          ZMMBAS.asm:79 (unused)
test2     = $015D =   349          ZMMBAS.asm:101 (unused)
test3     = $01D8 =   472          ZMMBAS.asm:193 (unused)
test4     = $0212 =   530          ZMMBAS.asm:234 (unused)
test5     = $0266 =   614          ZMMBAS.asm:293 (unused)
test6     = $029D =   669          ZMMBAS.asm:332 (unused)
textbank  = $04E3 =  1251          ZMMBAS.asm:587
tohex     = $033B =   827          ZMMBAS.asm:433
trapset   = $0367 =   871          ZMMBAS.asm:472
zm_a_hi   = $0032 =    50          ZMMBAS.asm:26
zm_a_lo   = $0033 =    51          ZMMBAS.asm:27
zm_bnk0   = $0030 =    48          ZMMBAS.asm:20
zm_bnk1   = $0031 =    49          ZMMBAS.asm:21
zm_bnk2   = $0032 =    50          ZMMBAS.asm:22
zm_bnk3   = $0033 =    51          ZMMBAS.asm:23
zm_ctrl   = $0034 =    52          ZMMBAS.asm:24
zm_isr    = $0030 =    48          ZMMBAS.asm:25
zm_map    = $8000 = 32768          ZMMBAS.asm:29
zm_sres   = $007F =   127          ZMMBAS.asm:33
zm_sset   = $0070 =   112          ZMMBAS.asm:32
zm_top    = $C000 = 49152          ZMMBAS.asm:30
zm_trap   = $0037 =    55          ZMMBAS.asm:28


total time: 0.0039 sec.
no errors
